  [1m[35m (3.5ms)[0m  [1m[35mCREATE TABLE "schema_migrations" ("version" character varying NOT NULL PRIMARY KEY)[0m
  [1m[35m (6.3ms)[0m  [1m[35mCREATE TABLE "ar_internal_metadata" ("key" character varying NOT NULL PRIMARY KEY, "value" character varying, "created_at" timestamp NOT NULL, "updated_at" timestamp NOT NULL)[0m
  [1m[35m (0.2ms)[0m  [1m[34mSELECT pg_try_advisory_lock(7951808349776068050)[0m
  [1m[35m (0.5ms)[0m  [1m[34mSELECT "schema_migrations"."version" FROM "schema_migrations" ORDER BY "schema_migrations"."version" ASC[0m
Migrating to CreateDrinks (20170824194049)
  [1m[35m (0.2ms)[0m  [1m[34mSELECT pg_advisory_unlock(7951808349776068050)[0m
  [1m[35m (0.5ms)[0m  [1m[34mSELECT "schema_migrations"."version" FROM "schema_migrations" ORDER BY "schema_migrations"."version" ASC[0m
  [1m[35m (0.2ms)[0m  [1m[34mSELECT pg_try_advisory_lock(7951808349776068050)[0m
  [1m[35m (0.5ms)[0m  [1m[34mSELECT "schema_migrations"."version" FROM "schema_migrations" ORDER BY "schema_migrations"."version" ASC[0m
Migrating to CreateDrinks (20170824194049)
  [1m[35m (0.2ms)[0m  [1m[34mSELECT pg_advisory_unlock(7951808349776068050)[0m
  [1m[35m (0.2ms)[0m  [1m[34mSELECT pg_try_advisory_lock(7951808349776068050)[0m
  [1m[35m (0.5ms)[0m  [1m[34mSELECT "schema_migrations"."version" FROM "schema_migrations" ORDER BY "schema_migrations"."version" ASC[0m
Migrating to CreateDrinks (20170824194359)
  [1m[35m (0.2ms)[0m  [1m[35mBEGIN[0m
  [1m[35m (5.5ms)[0m  [1m[35mCREATE TABLE "drinks" ("id" bigserial primary key, "name" character varying, "size" integer, "alcoholic" boolean, "created_at" timestamp NOT NULL, "updated_at" timestamp NOT NULL)[0m
  [1m[35mSQL (0.3ms)[0m  [1m[32mINSERT INTO "schema_migrations" ("version") VALUES ($1) RETURNING "version"[0m  [["version", "20170824194359"]]
  [1m[35m (0.6ms)[0m  [1m[35mCOMMIT[0m
  [1m[36mActiveRecord::InternalMetadata Load (0.3ms)[0m  [1m[34mSELECT  "ar_internal_metadata".* FROM "ar_internal_metadata" WHERE "ar_internal_metadata"."key" = $1 LIMIT $2[0m  [["key", "environment"], ["LIMIT", 1]]
  [1m[35m (0.1ms)[0m  [1m[35mBEGIN[0m
  [1m[35mSQL (0.3ms)[0m  [1m[32mINSERT INTO "ar_internal_metadata" ("key", "value", "created_at", "updated_at") VALUES ($1, $2, $3, $4) RETURNING "key"[0m  [["key", "environment"], ["value", "development"], ["created_at", "2017-08-24 19:44:14.073240"], ["updated_at", "2017-08-24 19:44:14.073240"]]
  [1m[35m (0.4ms)[0m  [1m[35mCOMMIT[0m
  [1m[35m (0.2ms)[0m  [1m[34mSELECT pg_advisory_unlock(7951808349776068050)[0m
  [1m[35m (0.3ms)[0m  [1m[34mSELECT "schema_migrations"."version" FROM "schema_migrations" ORDER BY "schema_migrations"."version" ASC[0m
  [1m[35m (0.2ms)[0m  [1m[34mSELECT pg_try_advisory_lock(7951808349776068050)[0m
  [1m[35m (1.0ms)[0m  [1m[34mSELECT "schema_migrations"."version" FROM "schema_migrations" ORDER BY "schema_migrations"."version" ASC[0m
Migrating to CreateFoods (20170824194800)
  [1m[35m (0.1ms)[0m  [1m[35mBEGIN[0m
  [1m[35m (0.1ms)[0m  [1m[31mROLLBACK[0m
  [1m[35m (0.2ms)[0m  [1m[34mSELECT pg_advisory_unlock(7951808349776068050)[0m
  [1m[35m (0.2ms)[0m  [1m[34mSELECT pg_try_advisory_lock(7951808349776068050)[0m
  [1m[35m (0.5ms)[0m  [1m[34mSELECT "schema_migrations"."version" FROM "schema_migrations" ORDER BY "schema_migrations"."version" ASC[0m
Migrating to CreateFoods (20170824195158)
  [1m[35m (0.1ms)[0m  [1m[35mBEGIN[0m
  [1m[35m (5.3ms)[0m  [1m[35mCREATE TABLE "foods" ("id" bigserial primary key, "name" character varying, "weight" integer, "vegan" boolean, "put_in_fridge" timestamp, "created_at" timestamp NOT NULL, "updated_at" timestamp NOT NULL)[0m
  [1m[35mSQL (0.3ms)[0m  [1m[32mINSERT INTO "schema_migrations" ("version") VALUES ($1) RETURNING "version"[0m  [["version", "20170824195158"]]
  [1m[35m (0.8ms)[0m  [1m[35mCOMMIT[0m
  [1m[36mActiveRecord::InternalMetadata Load (0.2ms)[0m  [1m[34mSELECT  "ar_internal_metadata".* FROM "ar_internal_metadata" WHERE "ar_internal_metadata"."key" = $1 LIMIT $2[0m  [["key", "environment"], ["LIMIT", 1]]
  [1m[35m (0.2ms)[0m  [1m[35mBEGIN[0m
  [1m[35m (0.2ms)[0m  [1m[35mCOMMIT[0m
  [1m[35m (0.3ms)[0m  [1m[34mSELECT pg_advisory_unlock(7951808349776068050)[0m
  [1m[35m (0.3ms)[0m  [1m[34mSELECT "schema_migrations"."version" FROM "schema_migrations" ORDER BY "schema_migrations"."version" ASC[0m
  [1m[35m (0.2ms)[0m  [1m[34mSELECT pg_try_advisory_lock(7951808349776068050)[0m
  [1m[35m (0.5ms)[0m  [1m[34mSELECT "schema_migrations"."version" FROM "schema_migrations" ORDER BY "schema_migrations"."version" ASC[0m
Migrating to CreateFridges (20170824195524)
  [1m[35m (0.1ms)[0m  [1m[35mBEGIN[0m
  [1m[35m (5.9ms)[0m  [1m[35mCREATE TABLE "fridges" ("id" bigserial primary key, "location" character varying, "brand" character varying, "size_cubic_ft" integer, "food_id" bigint, "drink_id" bigint, "created_at" timestamp NOT NULL, "updated_at" timestamp NOT NULL, CONSTRAINT "fk_rails_22e59d9826"
FOREIGN KEY ("food_id")
  REFERENCES "foods" ("id")
, CONSTRAINT "fk_rails_8860fa095a"
FOREIGN KEY ("drink_id")
  REFERENCES "drinks" ("id")
)[0m
  [1m[35m (0.8ms)[0m  [1m[35mCREATE  INDEX  "index_fridges_on_food_id" ON "fridges"  ("food_id")[0m
  [1m[35m (0.8ms)[0m  [1m[35mCREATE  INDEX  "index_fridges_on_drink_id" ON "fridges"  ("drink_id")[0m
  [1m[35mSQL (0.4ms)[0m  [1m[32mINSERT INTO "schema_migrations" ("version") VALUES ($1) RETURNING "version"[0m  [["version", "20170824195524"]]
  [1m[35m (0.5ms)[0m  [1m[35mCOMMIT[0m
  [1m[36mActiveRecord::InternalMetadata Load (0.3ms)[0m  [1m[34mSELECT  "ar_internal_metadata".* FROM "ar_internal_metadata" WHERE "ar_internal_metadata"."key" = $1 LIMIT $2[0m  [["key", "environment"], ["LIMIT", 1]]
  [1m[35m (0.2ms)[0m  [1m[35mBEGIN[0m
  [1m[35m (0.1ms)[0m  [1m[35mCOMMIT[0m
  [1m[35m (0.2ms)[0m  [1m[34mSELECT pg_advisory_unlock(7951808349776068050)[0m
  [1m[35m (0.2ms)[0m  [1m[34mSELECT "schema_migrations"."version" FROM "schema_migrations" ORDER BY "schema_migrations"."version" ASC[0m
  [1m[35m (0.5ms)[0m  [1m[34mSELECT "schema_migrations"."version" FROM "schema_migrations" ORDER BY "schema_migrations"."version" ASC[0m
  [1m[35m (0.1ms)[0m  [1m[34mSELECT pg_try_advisory_lock(7951808349776068050)[0m
  [1m[35m (0.1ms)[0m  [1m[34mSELECT "schema_migrations"."version" FROM "schema_migrations" ORDER BY "schema_migrations"."version" ASC[0m
Migrating to CreateFridges (20170824195524)
  [1m[35m (0.1ms)[0m  [1m[35mBEGIN[0m
  [1m[35m (8.1ms)[0m  [1m[35mDROP TABLE "fridges"[0m
  [1m[35mSQL (0.4ms)[0m  [1m[31mDELETE FROM "schema_migrations" WHERE "schema_migrations"."version" = $1[0m  [["version", "20170824195524"]]
  [1m[35m (1.3ms)[0m  [1m[35mCOMMIT[0m
  [1m[35m (0.2ms)[0m  [1m[34mSELECT pg_advisory_unlock(7951808349776068050)[0m
  [1m[35m (0.2ms)[0m  [1m[34mSELECT "schema_migrations"."version" FROM "schema_migrations" ORDER BY "schema_migrations"."version" ASC[0m
  [1m[35m (0.5ms)[0m  [1m[34mSELECT "schema_migrations"."version" FROM "schema_migrations" ORDER BY "schema_migrations"."version" ASC[0m
  [1m[35m (0.2ms)[0m  [1m[34mSELECT pg_try_advisory_lock(7951808349776068050)[0m
  [1m[35m (0.2ms)[0m  [1m[34mSELECT "schema_migrations"."version" FROM "schema_migrations" ORDER BY "schema_migrations"."version" ASC[0m
Migrating to CreateFoods (20170824195158)
  [1m[35m (0.1ms)[0m  [1m[35mBEGIN[0m
  [1m[35m (1.2ms)[0m  [1m[35mDROP TABLE "foods"[0m
  [1m[35mSQL (0.4ms)[0m  [1m[31mDELETE FROM "schema_migrations" WHERE "schema_migrations"."version" = $1[0m  [["version", "20170824195158"]]
  [1m[35m (2.8ms)[0m  [1m[35mCOMMIT[0m
  [1m[35m (0.2ms)[0m  [1m[34mSELECT pg_advisory_unlock(7951808349776068050)[0m
  [1m[35m (0.2ms)[0m  [1m[34mSELECT "schema_migrations"."version" FROM "schema_migrations" ORDER BY "schema_migrations"."version" ASC[0m
  [1m[35m (0.4ms)[0m  [1m[34mSELECT "schema_migrations"."version" FROM "schema_migrations" ORDER BY "schema_migrations"."version" ASC[0m
  [1m[35m (0.2ms)[0m  [1m[34mSELECT pg_try_advisory_lock(7951808349776068050)[0m
  [1m[35m (0.4ms)[0m  [1m[34mSELECT "schema_migrations"."version" FROM "schema_migrations" ORDER BY "schema_migrations"."version" ASC[0m
Migrating to CreateFoods (20170824195158)
  [1m[35m (0.1ms)[0m  [1m[35mBEGIN[0m
  [1m[35m (5.2ms)[0m  [1m[35mCREATE TABLE "foods" ("id" bigserial primary key, "name" character varying, "weight" integer, "vegan" boolean, "put_in_fridge" timestamp, "created_at" timestamp NOT NULL, "updated_at" timestamp NOT NULL)[0m
  [1m[35mSQL (0.3ms)[0m  [1m[32mINSERT INTO "schema_migrations" ("version") VALUES ($1) RETURNING "version"[0m  [["version", "20170824195158"]]
  [1m[35m (0.7ms)[0m  [1m[35mCOMMIT[0m
  [1m[36mActiveRecord::InternalMetadata Load (0.2ms)[0m  [1m[34mSELECT  "ar_internal_metadata".* FROM "ar_internal_metadata" WHERE "ar_internal_metadata"."key" = $1 LIMIT $2[0m  [["key", "environment"], ["LIMIT", 1]]
  [1m[35m (0.1ms)[0m  [1m[35mBEGIN[0m
  [1m[35m (0.1ms)[0m  [1m[35mCOMMIT[0m
  [1m[35m (0.2ms)[0m  [1m[34mSELECT pg_advisory_unlock(7951808349776068050)[0m
  [1m[35m (0.2ms)[0m  [1m[34mSELECT "schema_migrations"."version" FROM "schema_migrations" ORDER BY "schema_migrations"."version" ASC[0m
  [1m[35m (0.6ms)[0m  [1m[34mSELECT "schema_migrations"."version" FROM "schema_migrations" ORDER BY "schema_migrations"."version" ASC[0m
  [1m[35m (0.2ms)[0m  [1m[34mSELECT pg_try_advisory_lock(7951808349776068050)[0m
  [1m[35m (0.4ms)[0m  [1m[34mSELECT "schema_migrations"."version" FROM "schema_migrations" ORDER BY "schema_migrations"."version" ASC[0m
Migrating to CreateFridges (20170824200245)
  [1m[35m (0.1ms)[0m  [1m[35mBEGIN[0m
  [1m[35m (5.2ms)[0m  [1m[35mCREATE TABLE "fridges" ("id" bigserial primary key, "location" character varying, "brand" character varying, "size_cubic_ft" integer, "has_food" boolean, "has_drink" boolean, "created_at" timestamp NOT NULL, "updated_at" timestamp NOT NULL)[0m
  [1m[35mSQL (0.3ms)[0m  [1m[32mINSERT INTO "schema_migrations" ("version") VALUES ($1) RETURNING "version"[0m  [["version", "20170824200245"]]
  [1m[35m (0.6ms)[0m  [1m[35mCOMMIT[0m
  [1m[36mActiveRecord::InternalMetadata Load (0.2ms)[0m  [1m[34mSELECT  "ar_internal_metadata".* FROM "ar_internal_metadata" WHERE "ar_internal_metadata"."key" = $1 LIMIT $2[0m  [["key", "environment"], ["LIMIT", 1]]
  [1m[35m (0.1ms)[0m  [1m[35mBEGIN[0m
  [1m[35m (0.1ms)[0m  [1m[35mCOMMIT[0m
  [1m[35m (0.2ms)[0m  [1m[34mSELECT pg_advisory_unlock(7951808349776068050)[0m
  [1m[35m (0.2ms)[0m  [1m[34mSELECT "schema_migrations"."version" FROM "schema_migrations" ORDER BY "schema_migrations"."version" ASC[0m
  [1m[35m (0.2ms)[0m  [1m[34mSELECT pg_try_advisory_lock(7951808349776068050)[0m
  [1m[35m (0.4ms)[0m  [1m[34mSELECT "schema_migrations"."version" FROM "schema_migrations" ORDER BY "schema_migrations"."version" ASC[0m
Migrating to CreateFridgeDrinks (20170824200646)
  [1m[35m (0.1ms)[0m  [1m[35mBEGIN[0m
  [1m[35m (5.0ms)[0m  [1m[35mCREATE TABLE "fridge_drinks" ("id" bigserial primary key, "drink_id" bigint, "fridge_id" bigint, "created_at" timestamp NOT NULL, "updated_at" timestamp NOT NULL, CONSTRAINT "fk_rails_577084158a"
FOREIGN KEY ("drink_id")
  REFERENCES "drinks" ("id")
, CONSTRAINT "fk_rails_f72efaf9f7"
FOREIGN KEY ("fridge_id")
  REFERENCES "fridges" ("id")
)[0m
  [1m[35m (0.9ms)[0m  [1m[35mCREATE  INDEX  "index_fridge_drinks_on_drink_id" ON "fridge_drinks"  ("drink_id")[0m
  [1m[35m (0.8ms)[0m  [1m[35mCREATE  INDEX  "index_fridge_drinks_on_fridge_id" ON "fridge_drinks"  ("fridge_id")[0m
  [1m[35mSQL (0.3ms)[0m  [1m[32mINSERT INTO "schema_migrations" ("version") VALUES ($1) RETURNING "version"[0m  [["version", "20170824200646"]]
  [1m[35m (0.6ms)[0m  [1m[35mCOMMIT[0m
  [1m[36mActiveRecord::InternalMetadata Load (0.2ms)[0m  [1m[34mSELECT  "ar_internal_metadata".* FROM "ar_internal_metadata" WHERE "ar_internal_metadata"."key" = $1 LIMIT $2[0m  [["key", "environment"], ["LIMIT", 1]]
  [1m[35m (0.1ms)[0m  [1m[35mBEGIN[0m
  [1m[35m (0.1ms)[0m  [1m[35mCOMMIT[0m
  [1m[35m (0.2ms)[0m  [1m[34mSELECT pg_advisory_unlock(7951808349776068050)[0m
  [1m[35m (0.2ms)[0m  [1m[34mSELECT "schema_migrations"."version" FROM "schema_migrations" ORDER BY "schema_migrations"."version" ASC[0m
  [1m[35m (0.2ms)[0m  [1m[34mSELECT pg_try_advisory_lock(7951808349776068050)[0m
  [1m[35m (0.5ms)[0m  [1m[34mSELECT "schema_migrations"."version" FROM "schema_migrations" ORDER BY "schema_migrations"."version" ASC[0m
Migrating to CreateFridgeFoods (20170824200937)
  [1m[35m (0.1ms)[0m  [1m[35mBEGIN[0m
  [1m[35m (4.8ms)[0m  [1m[35mCREATE TABLE "fridge_foods" ("id" bigserial primary key, "food_id" bigint, "fridge_id" bigint, "created_at" timestamp NOT NULL, "updated_at" timestamp NOT NULL, CONSTRAINT "fk_rails_98952f64e2"
FOREIGN KEY ("food_id")
  REFERENCES "foods" ("id")
, CONSTRAINT "fk_rails_42f8c5e125"
FOREIGN KEY ("fridge_id")
  REFERENCES "fridges" ("id")
)[0m
  [1m[35m (0.8ms)[0m  [1m[35mCREATE  INDEX  "index_fridge_foods_on_food_id" ON "fridge_foods"  ("food_id")[0m
  [1m[35m (0.7ms)[0m  [1m[35mCREATE  INDEX  "index_fridge_foods_on_fridge_id" ON "fridge_foods"  ("fridge_id")[0m
  [1m[35mSQL (0.3ms)[0m  [1m[32mINSERT INTO "schema_migrations" ("version") VALUES ($1) RETURNING "version"[0m  [["version", "20170824200937"]]
  [1m[35m (0.6ms)[0m  [1m[35mCOMMIT[0m
  [1m[36mActiveRecord::InternalMetadata Load (0.3ms)[0m  [1m[34mSELECT  "ar_internal_metadata".* FROM "ar_internal_metadata" WHERE "ar_internal_metadata"."key" = $1 LIMIT $2[0m  [["key", "environment"], ["LIMIT", 1]]
  [1m[35m (0.1ms)[0m  [1m[35mBEGIN[0m
  [1m[35m (0.1ms)[0m  [1m[35mCOMMIT[0m
  [1m[35m (0.2ms)[0m  [1m[34mSELECT pg_advisory_unlock(7951808349776068050)[0m
  [1m[35m (0.2ms)[0m  [1m[34mSELECT "schema_migrations"."version" FROM "schema_migrations" ORDER BY "schema_migrations"."version" ASC[0m
  [1m[35m (0.7ms)[0m  [1m[34mSELECT "schema_migrations"."version" FROM "schema_migrations" ORDER BY "schema_migrations"."version" ASC[0m
  [1m[35m (0.5ms)[0m  [1m[34mSELECT "schema_migrations"."version" FROM "schema_migrations" ORDER BY "schema_migrations"."version" ASC[0m
  [1m[36mFridgeFood Load (1.1ms)[0m  [1m[34mSELECT "fridge_foods".* FROM "fridge_foods"[0m
  [1m[36mFridgeDrink Load (0.4ms)[0m  [1m[34mSELECT "fridge_drinks".* FROM "fridge_drinks"[0m
  [1m[36mFridge Load (0.4ms)[0m  [1m[34mSELECT "fridges".* FROM "fridges"[0m
  [1m[36mFood Load (0.4ms)[0m  [1m[34mSELECT "foods".* FROM "foods"[0m
  [1m[36mDrink Load (0.4ms)[0m  [1m[34mSELECT "drinks".* FROM "drinks"[0m
  [1m[35m (0.1ms)[0m  [1m[35mBEGIN[0m
  [1m[35mSQL (0.5ms)[0m  [1m[32mINSERT INTO "drinks" ("name", "size", "alcoholic", "created_at", "updated_at") VALUES ($1, $2, $3, $4, $5) RETURNING "id"[0m  [["name", "Le Croix"], ["size", 8], ["alcoholic", "f"], ["created_at", "2017-08-24 20:56:47.170696"], ["updated_at", "2017-08-24 20:56:47.170696"]]
  [1m[35m (1.0ms)[0m  [1m[35mCOMMIT[0m
  [1m[35m (0.1ms)[0m  [1m[35mBEGIN[0m
  [1m[35mSQL (0.4ms)[0m  [1m[32mINSERT INTO "foods" ("name", "weight", "vegan", "created_at", "updated_at") VALUES ($1, $2, $3, $4, $5) RETURNING "id"[0m  [["name", "Hummus"], ["weight", 1], ["vegan", "t"], ["created_at", "2017-08-24 20:56:47.179262"], ["updated_at", "2017-08-24 20:56:47.179262"]]
  [1m[35m (0.5ms)[0m  [1m[35mCOMMIT[0m
  [1m[35m (0.1ms)[0m  [1m[35mBEGIN[0m
  [1m[35mSQL (0.4ms)[0m  [1m[32mINSERT INTO "fridges" ("location", "brand", "size_cubic_ft", "has_food", "has_drink", "created_at", "updated_at") VALUES ($1, $2, $3, $4, $5, $6, $7) RETURNING "id"[0m  [["location", "Kitchen"], ["brand", "GE"], ["size_cubic_ft", 3], ["has_food", "t"], ["has_drink", "t"], ["created_at", "2017-08-24 20:56:47.187593"], ["updated_at", "2017-08-24 20:56:47.187593"]]
  [1m[35m (0.5ms)[0m  [1m[35mCOMMIT[0m
  [1m[36mDrink Load (0.3ms)[0m  [1m[34mSELECT "drinks".* FROM "drinks" INNER JOIN "fridge_drinks" ON "drinks"."id" = "fridge_drinks"."drink_id" WHERE "fridge_drinks"."fridge_id" = $1[0m  [["fridge_id", 1]]
  [1m[35m (0.1ms)[0m  [1m[35mBEGIN[0m
  [1m[35mSQL (1.1ms)[0m  [1m[32mINSERT INTO "fridge_drinks" ("drink_id", "fridge_id", "created_at", "updated_at") VALUES ($1, $2, $3, $4) RETURNING "id"[0m  [["drink_id", 1], ["fridge_id", 1], ["created_at", "2017-08-24 20:56:47.227306"], ["updated_at", "2017-08-24 20:56:47.227306"]]
  [1m[35m (0.5ms)[0m  [1m[35mCOMMIT[0m
  [1m[36mFood Load (0.3ms)[0m  [1m[34mSELECT "foods".* FROM "foods" INNER JOIN "fridge_foods" ON "foods"."id" = "fridge_foods"."food_id" WHERE "fridge_foods"."fridge_id" = $1[0m  [["fridge_id", 1]]
  [1m[35m (0.1ms)[0m  [1m[35mBEGIN[0m
  [1m[35mSQL (0.7ms)[0m  [1m[32mINSERT INTO "fridge_foods" ("food_id", "fridge_id", "created_at", "updated_at") VALUES ($1, $2, $3, $4) RETURNING "id"[0m  [["food_id", 1], ["fridge_id", 1], ["created_at", "2017-08-24 20:56:47.240465"], ["updated_at", "2017-08-24 20:56:47.240465"]]
  [1m[35m (0.6ms)[0m  [1m[35mCOMMIT[0m
  [1m[35m (0.3ms)[0m  [1m[34mSELECT COUNT(*) FROM "fridges"[0m
  [1m[36mFridge Load (0.3ms)[0m  [1m[34mSELECT  "fridges".* FROM "fridges" LIMIT $1[0m  [["LIMIT", 11]]
  [1m[36mFood Load (0.4ms)[0m  [1m[34mSELECT  "foods".* FROM "foods" LIMIT $1[0m  [["LIMIT", 11]]
  [1m[36mDrink Load (0.4ms)[0m  [1m[34mSELECT  "drinks".* FROM "drinks" LIMIT $1[0m  [["LIMIT", 11]]
  [1m[36mFridge Load (0.5ms)[0m  [1m[34mSELECT "fridges".* FROM "fridges"[0m
  [1m[36mFridge Load (0.6ms)[0m  [1m[34mSELECT "fridges".* FROM "fridges"[0m
  [1m[35m (1.3ms)[0m  [1m[34mSELECT "schema_migrations"."version" FROM "schema_migrations" ORDER BY "schema_migrations"."version" ASC[0m
  [1m[36mFridgeFood Load (0.6ms)[0m  [1m[34mSELECT "fridge_foods".* FROM "fridge_foods"[0m
  [1m[35m (0.1ms)[0m  [1m[35mBEGIN[0m
  [1m[35mSQL (0.3ms)[0m  [1m[31mDELETE FROM "fridge_foods" WHERE "fridge_foods"."id" = $1[0m  [["id", 1]]
  [1m[35m (0.9ms)[0m  [1m[35mCOMMIT[0m
  [1m[36mFridgeDrink Load (0.4ms)[0m  [1m[34mSELECT "fridge_drinks".* FROM "fridge_drinks"[0m
  [1m[35m (0.2ms)[0m  [1m[35mBEGIN[0m
  [1m[35mSQL (0.2ms)[0m  [1m[31mDELETE FROM "fridge_drinks" WHERE "fridge_drinks"."id" = $1[0m  [["id", 1]]
  [1m[35m (0.5ms)[0m  [1m[35mCOMMIT[0m
  [1m[36mFridge Load (0.4ms)[0m  [1m[34mSELECT "fridges".* FROM "fridges"[0m
  [1m[35m (0.1ms)[0m  [1m[35mBEGIN[0m
  [1m[35mSQL (0.6ms)[0m  [1m[31mDELETE FROM "fridges" WHERE "fridges"."id" = $1[0m  [["id", 1]]
  [1m[35m (0.3ms)[0m  [1m[35mCOMMIT[0m
  [1m[36mFood Load (0.4ms)[0m  [1m[34mSELECT "foods".* FROM "foods"[0m
  [1m[35m (0.1ms)[0m  [1m[35mBEGIN[0m
  [1m[35mSQL (0.4ms)[0m  [1m[31mDELETE FROM "foods" WHERE "foods"."id" = $1[0m  [["id", 1]]
  [1m[35m (0.4ms)[0m  [1m[35mCOMMIT[0m
  [1m[36mDrink Load (0.4ms)[0m  [1m[34mSELECT "drinks".* FROM "drinks"[0m
  [1m[35m (0.1ms)[0m  [1m[35mBEGIN[0m
  [1m[35mSQL (0.4ms)[0m  [1m[31mDELETE FROM "drinks" WHERE "drinks"."id" = $1[0m  [["id", 1]]
  [1m[35m (0.4ms)[0m  [1m[35mCOMMIT[0m
  [1m[35m (0.1ms)[0m  [1m[35mBEGIN[0m
  [1m[35mSQL (0.3ms)[0m  [1m[32mINSERT INTO "drinks" ("name", "size", "alcoholic", "created_at", "updated_at") VALUES ($1, $2, $3, $4, $5) RETURNING "id"[0m  [["name", "Le Croix"], ["size", 8], ["alcoholic", "f"], ["created_at", "2017-08-24 22:03:22.759517"], ["updated_at", "2017-08-24 22:03:22.759517"]]
  [1m[35m (0.4ms)[0m  [1m[35mCOMMIT[0m
  [1m[35m (0.1ms)[0m  [1m[35mBEGIN[0m
  [1m[35mSQL (0.2ms)[0m  [1m[32mINSERT INTO "drinks" ("name", "size", "alcoholic", "created_at", "updated_at") VALUES ($1, $2, $3, $4, $5) RETURNING "id"[0m  [["name", "Beer"], ["size", 16], ["alcoholic", "t"], ["created_at", "2017-08-24 22:03:22.761642"], ["updated_at", "2017-08-24 22:03:22.761642"]]
  [1m[35m (0.4ms)[0m  [1m[35mCOMMIT[0m
  [1m[35m (0.1ms)[0m  [1m[35mBEGIN[0m
  [1m[35mSQL (0.3ms)[0m  [1m[32mINSERT INTO "foods" ("name", "weight", "vegan", "created_at", "updated_at") VALUES ($1, $2, $3, $4, $5) RETURNING "id"[0m  [["name", "Hummus"], ["weight", 1], ["vegan", "t"], ["created_at", "2017-08-24 22:03:22.763479"], ["updated_at", "2017-08-24 22:03:22.763479"]]
  [1m[35m (0.3ms)[0m  [1m[35mCOMMIT[0m
  [1m[35m (0.1ms)[0m  [1m[35mBEGIN[0m
  [1m[35mSQL (0.2ms)[0m  [1m[32mINSERT INTO "foods" ("name", "weight", "vegan", "created_at", "updated_at") VALUES ($1, $2, $3, $4, $5) RETURNING "id"[0m  [["name", "Steak"], ["weight", 1], ["vegan", "f"], ["created_at", "2017-08-24 22:03:22.765091"], ["updated_at", "2017-08-24 22:03:22.765091"]]
  [1m[35m (0.4ms)[0m  [1m[35mCOMMIT[0m
  [1m[35m (0.1ms)[0m  [1m[35mBEGIN[0m
  [1m[35mSQL (0.3ms)[0m  [1m[32mINSERT INTO "fridges" ("location", "brand", "size_cubic_ft", "has_food", "has_drink", "created_at", "updated_at") VALUES ($1, $2, $3, $4, $5, $6, $7) RETURNING "id"[0m  [["location", "Kitchen"], ["brand", "GE"], ["size_cubic_ft", 3], ["has_food", "t"], ["has_drink", "t"], ["created_at", "2017-08-24 22:03:22.766821"], ["updated_at", "2017-08-24 22:03:22.766821"]]
  [1m[35m (0.4ms)[0m  [1m[35mCOMMIT[0m
  [1m[35m (0.1ms)[0m  [1m[35mBEGIN[0m
  [1m[35mSQL (0.2ms)[0m  [1m[32mINSERT INTO "fridges" ("location", "brand", "size_cubic_ft", "has_food", "has_drink", "created_at", "updated_at") VALUES ($1, $2, $3, $4, $5, $6, $7) RETURNING "id"[0m  [["location", "Restaurant"], ["brand", "samsung"], ["size_cubic_ft", 5], ["has_food", "f"], ["has_drink", "t"], ["created_at", "2017-08-24 22:03:22.768691"], ["updated_at", "2017-08-24 22:03:22.768691"]]
  [1m[35m (0.4ms)[0m  [1m[35mCOMMIT[0m
  [1m[36mDrink Load (0.3ms)[0m  [1m[34mSELECT "drinks".* FROM "drinks" INNER JOIN "fridge_drinks" ON "drinks"."id" = "fridge_drinks"."drink_id" WHERE "fridge_drinks"."fridge_id" = $1[0m  [["fridge_id", 2]]
  [1m[35m (0.1ms)[0m  [1m[35mBEGIN[0m
  [1m[35mSQL (0.5ms)[0m  [1m[32mINSERT INTO "fridge_drinks" ("drink_id", "fridge_id", "created_at", "updated_at") VALUES ($1, $2, $3, $4) RETURNING "id"[0m  [["drink_id", 2], ["fridge_id", 2], ["created_at", "2017-08-24 22:03:22.795448"], ["updated_at", "2017-08-24 22:03:22.795448"]]
  [1m[35m (3.4ms)[0m  [1m[35mCOMMIT[0m
  [1m[36mFood Load (0.3ms)[0m  [1m[34mSELECT "foods".* FROM "foods" INNER JOIN "fridge_foods" ON "foods"."id" = "fridge_foods"."food_id" WHERE "fridge_foods"."fridge_id" = $1[0m  [["fridge_id", 2]]
  [1m[35m (0.1ms)[0m  [1m[35mBEGIN[0m
  [1m[35mSQL (0.6ms)[0m  [1m[32mINSERT INTO "fridge_foods" ("food_id", "fridge_id", "created_at", "updated_at") VALUES ($1, $2, $3, $4) RETURNING "id"[0m  [["food_id", 2], ["fridge_id", 2], ["created_at", "2017-08-24 22:03:22.806039"], ["updated_at", "2017-08-24 22:03:22.806039"]]
  [1m[35mSQL (0.4ms)[0m  [1m[32mINSERT INTO "fridge_foods" ("food_id", "fridge_id", "created_at", "updated_at") VALUES ($1, $2, $3, $4) RETURNING "id"[0m  [["food_id", 3], ["fridge_id", 2], ["created_at", "2017-08-24 22:03:22.808478"], ["updated_at", "2017-08-24 22:03:22.808478"]]
  [1m[35m (0.4ms)[0m  [1m[35mCOMMIT[0m
  [1m[36mDrink Load (0.3ms)[0m  [1m[34mSELECT "drinks".* FROM "drinks" INNER JOIN "fridge_drinks" ON "drinks"."id" = "fridge_drinks"."drink_id" WHERE "fridge_drinks"."fridge_id" = $1[0m  [["fridge_id", 3]]
  [1m[35m (0.1ms)[0m  [1m[35mBEGIN[0m
  [1m[35mSQL (0.3ms)[0m  [1m[32mINSERT INTO "fridge_drinks" ("drink_id", "fridge_id", "created_at", "updated_at") VALUES ($1, $2, $3, $4) RETURNING "id"[0m  [["drink_id", 3], ["fridge_id", 3], ["created_at", "2017-08-24 22:03:22.812755"], ["updated_at", "2017-08-24 22:03:22.812755"]]
  [1m[35m (0.4ms)[0m  [1m[35mCOMMIT[0m
  [1m[36mFridge Load (0.3ms)[0m  [1m[34mSELECT  "fridges".* FROM "fridges" LIMIT $1[0m  [["LIMIT", 11]]
  [1m[36mFood Load (0.3ms)[0m  [1m[34mSELECT  "foods".* FROM "foods" LIMIT $1[0m  [["LIMIT", 11]]
  [1m[36mDrink Load (0.4ms)[0m  [1m[34mSELECT  "drinks".* FROM "drinks" LIMIT $1[0m  [["LIMIT", 11]]
  [1m[36mFridge Load (0.6ms)[0m  [1m[34mSELECT "fridges".* FROM "fridges"[0m
  [1m[36mFridge Load (0.5ms)[0m  [1m[34mSELECT "fridges".* FROM "fridges"[0m
  [1m[36mFridge Load (0.5ms)[0m  [1m[34mSELECT "fridges".* FROM "fridges"[0m
  [1m[36mFridge Load (0.4ms)[0m  [1m[34mSELECT  "fridges".* FROM "fridges" LIMIT $1[0m  [["LIMIT", 11]]
  [1m[35m (0.1ms)[0m  [1m[35mBEGIN[0m
  [1m[35mSQL (0.5ms)[0m  [1m[32mINSERT INTO "fridges" ("location", "brand", "size_cubic_ft", "has_food", "has_drink", "created_at", "updated_at") VALUES ($1, $2, $3, $4, $5, $6, $7) RETURNING "id"[0m  [["location", "decatur"], ["brand", "lg"], ["size_cubic_ft", 5], ["has_food", "f"], ["has_drink", "f"], ["created_at", "2017-08-24 23:30:01.133662"], ["updated_at", "2017-08-24 23:30:01.133662"]]
  [1m[35m (1.8ms)[0m  [1m[35mCOMMIT[0m
  [1m[36mFridge Load (0.3ms)[0m  [1m[34mSELECT  "fridges".* FROM "fridges" LIMIT $1[0m  [["LIMIT", 11]]
  [1m[36mFridge Load (0.5ms)[0m  [1m[34mSELECT "fridges".* FROM "fridges"[0m
  [1m[36mFridge Load (0.5ms)[0m  [1m[34mSELECT "fridges".* FROM "fridges"[0m
  [1m[36mFridge Load (0.5ms)[0m  [1m[34mSELECT "fridges".* FROM "fridges"[0m
  [1m[36mFridge Load (3.6ms)[0m  [1m[34mSELECT  "fridges".* FROM "fridges" WHERE (decatur) LIMIT $1[0m  [["LIMIT", 1]]
  [1m[36mFridge Load (0.5ms)[0m  [1m[34mSELECT "fridges".* FROM "fridges"[0m
  [1m[36mFridge Load (0.4ms)[0m  [1m[34mSELECT  "fridges".* FROM "fridges" WHERE "fridges"."location" = $1 LIMIT $2[0m  [["location", "decatur"], ["LIMIT", 1]]
  [1m[35mSQL (1.5ms)[0m  [1m[31mDELETE FROM "fridges" WHERE "fridges"."id" = $1[0m  [["id", 4]]
  [1m[36mFridge Load (0.3ms)[0m  [1m[34mSELECT  "fridges".* FROM "fridges" LIMIT $1[0m  [["LIMIT", 11]]
  [1m[36mFood Load (0.5ms)[0m  [1m[34mSELECT "foods".* FROM "foods"[0m
  [1m[36mFood Load (0.5ms)[0m  [1m[34mSELECT "foods".* FROM "foods"[0m
  [1m[36mFood Load (0.6ms)[0m  [1m[34mSELECT "foods".* FROM "foods"[0m
  [1m[36mFood Load (0.5ms)[0m  [1m[34mSELECT "foods".* FROM "foods"[0m
  [1m[36mFood Load (0.4ms)[0m  [1m[34mSELECT  "foods".* FROM "foods" WHERE "foods"."name" = $1 LIMIT $2[0m  [["name", "Steak"], ["LIMIT", 1]]
  [1m[35mSQL (1.9ms)[0m  [1m[31mDELETE FROM "foods" WHERE "foods"."id" = $1[0m  [["id", 3]]
  [1m[35m (0.6ms)[0m  [1m[35mBEGIN[0m
  [1m[35mSQL (0.5ms)[0m  [1m[32mINSERT INTO "foods" ("name", "weight", "vegan", "created_at", "updated_at") VALUES ($1, $2, $3, $4, $5) RETURNING "id"[0m  [["name", "pizza"], ["weight", 1], ["vegan", "f"], ["created_at", "2017-08-25 01:40:08.000003"], ["updated_at", "2017-08-25 01:40:08.000003"]]
  [1m[35m (2.0ms)[0m  [1m[35mCOMMIT[0m
  [1m[36mFood Load (0.3ms)[0m  [1m[34mSELECT  "foods".* FROM "foods" LIMIT $1[0m  [["LIMIT", 11]]
  [1m[36mFridge Load (0.3ms)[0m  [1m[34mSELECT  "fridges".* FROM "fridges" LIMIT $1[0m  [["LIMIT", 11]]
  [1m[36mDrink Load (0.5ms)[0m  [1m[34mSELECT "drinks".* FROM "drinks"[0m
Started GET "/" for 127.0.0.1 at 2017-08-31 15:45:23 -0400
  [1m[35m (3.5ms)[0m  [1m[34mSELECT "schema_migrations"."version" FROM "schema_migrations" ORDER BY "schema_migrations"."version" ASC[0m
Processing by Rails::WelcomeController#index as HTML
  Rendering /Users/susanabarnwell/.rbenv/versions/2.4.1/lib/ruby/gems/2.4.0/gems/railties-5.1.3/lib/rails/templates/rails/welcome/index.html.erb
  Rendered /Users/susanabarnwell/.rbenv/versions/2.4.1/lib/ruby/gems/2.4.0/gems/railties-5.1.3/lib/rails/templates/rails/welcome/index.html.erb (3.4ms)
Completed 200 OK in 19ms (Views: 8.9ms | ActiveRecord: 0.0ms)


Started GET "/" for 127.0.0.1 at 2017-08-31 15:45:31 -0400
Processing by Rails::WelcomeController#index as HTML
  Rendering /Users/susanabarnwell/.rbenv/versions/2.4.1/lib/ruby/gems/2.4.0/gems/railties-5.1.3/lib/rails/templates/rails/welcome/index.html.erb
  Rendered /Users/susanabarnwell/.rbenv/versions/2.4.1/lib/ruby/gems/2.4.0/gems/railties-5.1.3/lib/rails/templates/rails/welcome/index.html.erb (3.2ms)
Completed 200 OK in 10ms (Views: 6.0ms | ActiveRecord: 0.0ms)


